

Started GET "/" for ::1 at 2015-04-14 16:04:59 -0400
Processing by Rails::WelcomeController#index as HTML
  Rendered /Users/peterli/.rvm/gems/ruby-2.2.0/gems/railties-4.2.0/lib/rails/templates/rails/welcome/index.html.erb (12.5ms)
Completed 200 OK in 110ms (Views: 78.6ms | ActiveRecord: 0.0ms)
  [1m[36m (1.2ms)[0m  [1mCREATE TABLE "schema_migrations" ("version" varchar NOT NULL) [0m
  [1m[35m (10.0ms)[0m  select sqlite_version(*)
  [1m[36m (1.2ms)[0m  [1mCREATE UNIQUE INDEX "unique_schema_migrations" ON "schema_migrations" ("version")[0m
  [1m[35mActiveRecord::SchemaMigration Load (0.1ms)[0m  SELECT "schema_migrations".* FROM "schema_migrations"
Migrating to CreateUrls (20150414200619)
  [1m[36m (0.1ms)[0m  [1mbegin transaction[0m
  [1m[35m (0.3ms)[0m  CREATE TABLE "urls" ("id" INTEGER PRIMARY KEY AUTOINCREMENT NOT NULL, "url" varchar NOT NULL, "created_at" datetime NOT NULL, "updated_at" datetime NOT NULL) 
  [1m[36mSQL (0.2ms)[0m  [1mINSERT INTO "schema_migrations" ("version") VALUES (?)[0m  [["version", "20150414200619"]]
  [1m[35m (1.3ms)[0m  commit transaction
  [1m[36mActiveRecord::SchemaMigration Load (0.1ms)[0m  [1mSELECT "schema_migrations".* FROM "schema_migrations"[0m
  [1m[36m (0.2ms)[0m  [1mbegin transaction[0m
  [1m[35m (0.1ms)[0m  rollback transaction


Started GET "/" for ::1 at 2015-04-14 16:35:02 -0400
  [1m[36mActiveRecord::SchemaMigration Load (0.1ms)[0m  [1mSELECT "schema_migrations".* FROM "schema_migrations"[0m
Processing by UrlsController#new as HTML
  Rendered urls/new.html.erb within layouts/application (8.1ms)
Completed 200 OK in 2232ms (Views: 2208.5ms | ActiveRecord: 0.3ms)


Started GET "/assets/jquery.self-d03a5518f45df77341bdbe6201ba3bfa547ebba8ed64f0ea56bfa5f96ea7c074.js?body=1" for ::1 at 2015-04-14 16:35:04 -0400


Started GET "/assets/jquery_ujs.self-8e98a7a072a6cee1372d19fff9ff3e6aa1e39a37d89d6f06861637d061113ee7.js?body=1" for ::1 at 2015-04-14 16:35:04 -0400


Started GET "/assets/urls.self-877aef30ae1b040ab8a3aba4e3e309a11d7f2612f44dde450b5c157aa5f95c05.js?body=1" for ::1 at 2015-04-14 16:35:04 -0400


Started GET "/assets/application.self-e80e8f2318043e8af94dddc2adad5a4f09739a8ebb323b3ab31cd71d45fd9113.css?body=1" for ::1 at 2015-04-14 16:35:04 -0400


Started GET "/assets/application.self-3a3c8b61bda630ee689740ce7cbd0dd8ea6fdd45e2c42eef4661ab38cf268afe.js?body=1" for ::1 at 2015-04-14 16:35:05 -0400


Started GET "/assets/urls.self-e3b0c44298fc1c149afbf4c8996fb92427ae41e4649b934ca495991b7852b855.css?body=1" for ::1 at 2015-04-14 16:35:05 -0400


Started GET "/assets/turbolinks.self-c37727e9bd6b2735da5c311aa83fead54ed0be6cc8bd9a65309e9c5abe2cbfff.js?body=1" for ::1 at 2015-04-14 16:35:05 -0400


Started GET "/" for ::1 at 2015-04-14 16:43:41 -0400
Processing by UrlsController#new as HTML
  Rendered urls/new.html.erb within layouts/application (36.9ms)
Completed 200 OK in 118ms (Views: 116.6ms | ActiveRecord: 0.0ms)


Started GET "/assets/application.self-e80e8f2318043e8af94dddc2adad5a4f09739a8ebb323b3ab31cd71d45fd9113.css?body=1" for ::1 at 2015-04-14 16:43:41 -0400


Started GET "/assets/jquery.self-d03a5518f45df77341bdbe6201ba3bfa547ebba8ed64f0ea56bfa5f96ea7c074.js?body=1" for ::1 at 2015-04-14 16:43:41 -0400


Started GET "/assets/urls.self-e3b0c44298fc1c149afbf4c8996fb92427ae41e4649b934ca495991b7852b855.css?body=1" for ::1 at 2015-04-14 16:43:41 -0400


Started GET "/assets/urls.self-877aef30ae1b040ab8a3aba4e3e309a11d7f2612f44dde450b5c157aa5f95c05.js?body=1" for ::1 at 2015-04-14 16:43:41 -0400


Started GET "/assets/jquery_ujs.self-8e98a7a072a6cee1372d19fff9ff3e6aa1e39a37d89d6f06861637d061113ee7.js?body=1" for ::1 at 2015-04-14 16:43:41 -0400


Started GET "/assets/turbolinks.self-c37727e9bd6b2735da5c311aa83fead54ed0be6cc8bd9a65309e9c5abe2cbfff.js?body=1" for ::1 at 2015-04-14 16:43:41 -0400


Started GET "/assets/application.self-3a3c8b61bda630ee689740ce7cbd0dd8ea6fdd45e2c42eef4661ab38cf268afe.js?body=1" for ::1 at 2015-04-14 16:43:41 -0400


Started POST "/urls" for ::1 at 2015-04-14 16:43:50 -0400
Processing by UrlsController#create as HTML
  Parameters: {"utf8"=>"✓", "authenticity_token"=>"ExM03lkSVaAUyI5SQL+GH6mdegs/E1VrE+9sngDWQgLeanOvdiaU7madmhGgam/Nu08pjWd2bFCe+6nn9nDalg==", "url"=>{"url"=>"www.google.ca"}, "commit"=>"Shorten my URL"}
Completed 500 Internal Server Error in 1ms

ActiveModel::ForbiddenAttributesError (ActiveModel::ForbiddenAttributesError):
  app/controllers/urls_controller.rb:7:in `create'


  Rendered /Users/peterli/.rvm/gems/ruby-2.2.0/gems/actionpack-4.2.0/lib/action_dispatch/middleware/templates/rescues/_source.erb (9.4ms)
  Rendered /Users/peterli/.rvm/gems/ruby-2.2.0/gems/actionpack-4.2.0/lib/action_dispatch/middleware/templates/rescues/_trace.html.erb (4.1ms)
  Rendered /Users/peterli/.rvm/gems/ruby-2.2.0/gems/actionpack-4.2.0/lib/action_dispatch/middleware/templates/rescues/_request_and_response.html.erb (1.6ms)
  Rendered /Users/peterli/.rvm/gems/ruby-2.2.0/gems/actionpack-4.2.0/lib/action_dispatch/middleware/templates/rescues/diagnostics.html.erb within rescues/layout (70.0ms)
  Rendered /Users/peterli/.rvm/gems/ruby-2.2.0/gems/web-console-2.1.2/lib/web_console/templates/_markup.html.erb (0.8ms)
  Rendered /Users/peterli/.rvm/gems/ruby-2.2.0/gems/web-console-2.1.2/lib/web_console/templates/style.css.erb within layouts/inlined_string (0.4ms)
  Rendered /Users/peterli/.rvm/gems/ruby-2.2.0/gems/web-console-2.1.2/lib/web_console/templates/_inner_console_markup.html.erb within layouts/inlined_string (0.5ms)
  Rendered /Users/peterli/.rvm/gems/ruby-2.2.0/gems/web-console-2.1.2/lib/web_console/templates/_prompt_box_markup.html.erb within layouts/inlined_string (0.2ms)
  Rendered /Users/peterli/.rvm/gems/ruby-2.2.0/gems/web-console-2.1.2/lib/web_console/templates/console.js.erb within layouts/javascript (54.1ms)
  Rendered /Users/peterli/.rvm/gems/ruby-2.2.0/gems/web-console-2.1.2/lib/web_console/templates/main.js.erb within layouts/javascript (0.3ms)
  Rendered /Users/peterli/.rvm/gems/ruby-2.2.0/gems/web-console-2.1.2/lib/web_console/templates/error_page.js.erb within layouts/javascript (0.4ms)
  Rendered /Users/peterli/.rvm/gems/ruby-2.2.0/gems/web-console-2.1.2/lib/web_console/templates/index.html.erb (123.1ms)


Started PUT "/console/repl_sessions/1dceddcf0dfc39ca6fa7bbfb97a257f5" for ::1 at 2015-04-14 16:44:20 -0400


Started GET "/urls" for ::1 at 2015-04-14 16:44:59 -0400
  [1m[36mActiveRecord::SchemaMigration Load (0.3ms)[0m  [1mSELECT "schema_migrations".* FROM "schema_migrations"[0m

ActionController::RoutingError (No route matches [GET] "/urls"):
  actionpack (4.2.0) lib/action_dispatch/middleware/debug_exceptions.rb:21:in `call'
  web-console (2.1.2) lib/web_console/middleware.rb:37:in `call'
  actionpack (4.2.0) lib/action_dispatch/middleware/show_exceptions.rb:30:in `call'
  railties (4.2.0) lib/rails/rack/logger.rb:38:in `call_app'
  railties (4.2.0) lib/rails/rack/logger.rb:20:in `block in call'
  activesupport (4.2.0) lib/active_support/tagged_logging.rb:68:in `block in tagged'
  activesupport (4.2.0) lib/active_support/tagged_logging.rb:26:in `tagged'
  activesupport (4.2.0) lib/active_support/tagged_logging.rb:68:in `tagged'
  railties (4.2.0) lib/rails/rack/logger.rb:20:in `call'
  actionpack (4.2.0) lib/action_dispatch/middleware/request_id.rb:21:in `call'
  rack (1.6.0) lib/rack/methodoverride.rb:22:in `call'
  rack (1.6.0) lib/rack/runtime.rb:18:in `call'
  activesupport (4.2.0) lib/active_support/cache/strategy/local_cache_middleware.rb:28:in `call'
  rack (1.6.0) lib/rack/lock.rb:17:in `call'
  actionpack (4.2.0) lib/action_dispatch/middleware/static.rb:113:in `call'
  rack (1.6.0) lib/rack/sendfile.rb:113:in `call'
  railties (4.2.0) lib/rails/engine.rb:518:in `call'
  railties (4.2.0) lib/rails/application.rb:164:in `call'
  rack (1.6.0) lib/rack/lock.rb:17:in `call'
  rack (1.6.0) lib/rack/content_length.rb:15:in `call'
  rack (1.6.0) lib/rack/handler/webrick.rb:89:in `service'
  /Users/peterli/.rvm/rubies/ruby-2.2.0/lib/ruby/2.2.0/webrick/httpserver.rb:138:in `service'
  /Users/peterli/.rvm/rubies/ruby-2.2.0/lib/ruby/2.2.0/webrick/httpserver.rb:94:in `run'
  /Users/peterli/.rvm/rubies/ruby-2.2.0/lib/ruby/2.2.0/webrick/server.rb:294:in `block in start_thread'


  Rendered /Users/peterli/.rvm/gems/ruby-2.2.0/gems/actionpack-4.2.0/lib/action_dispatch/middleware/templates/rescues/_trace.html.erb (1.4ms)
  Rendered /Users/peterli/.rvm/gems/ruby-2.2.0/gems/actionpack-4.2.0/lib/action_dispatch/middleware/templates/routes/_route.html.erb (1.0ms)
  Rendered /Users/peterli/.rvm/gems/ruby-2.2.0/gems/actionpack-4.2.0/lib/action_dispatch/middleware/templates/routes/_table.html.erb (10.5ms)
  Rendered /Users/peterli/.rvm/gems/ruby-2.2.0/gems/actionpack-4.2.0/lib/action_dispatch/middleware/templates/rescues/_request_and_response.html.erb (10.0ms)
  Rendered /Users/peterli/.rvm/gems/ruby-2.2.0/gems/actionpack-4.2.0/lib/action_dispatch/middleware/templates/rescues/routing_error.html.erb within rescues/layout (90.1ms)
  Rendered /Users/peterli/.rvm/gems/ruby-2.2.0/gems/web-console-2.1.2/lib/web_console/templates/_markup.html.erb (0.3ms)
  Rendered /Users/peterli/.rvm/gems/ruby-2.2.0/gems/web-console-2.1.2/lib/web_console/templates/style.css.erb within layouts/inlined_string (0.4ms)
  Rendered /Users/peterli/.rvm/gems/ruby-2.2.0/gems/web-console-2.1.2/lib/web_console/templates/_inner_console_markup.html.erb within layouts/inlined_string (0.3ms)
  Rendered /Users/peterli/.rvm/gems/ruby-2.2.0/gems/web-console-2.1.2/lib/web_console/templates/_prompt_box_markup.html.erb within layouts/inlined_string (0.2ms)
  Rendered /Users/peterli/.rvm/gems/ruby-2.2.0/gems/web-console-2.1.2/lib/web_console/templates/console.js.erb within layouts/javascript (47.0ms)
  Rendered /Users/peterli/.rvm/gems/ruby-2.2.0/gems/web-console-2.1.2/lib/web_console/templates/main.js.erb within layouts/javascript (0.2ms)
  Rendered /Users/peterli/.rvm/gems/ruby-2.2.0/gems/web-console-2.1.2/lib/web_console/templates/error_page.js.erb within layouts/javascript (0.4ms)
  Rendered /Users/peterli/.rvm/gems/ruby-2.2.0/gems/web-console-2.1.2/lib/web_console/templates/index.html.erb (100.1ms)


Started GET "/" for ::1 at 2015-04-14 16:45:03 -0400
Processing by UrlsController#new as HTML
  Rendered urls/new.html.erb within layouts/application (4.3ms)
Completed 200 OK in 237ms (Views: 223.3ms | ActiveRecord: 0.3ms)


Started POST "/urls" for ::1 at 2015-04-14 16:45:08 -0400
Processing by UrlsController#create as HTML
  Parameters: {"utf8"=>"✓", "authenticity_token"=>"GfKifeX05cCRn9qYzBc+ZOjFvO3x7BRy+8K2AF3NjkjUi+UMysAkjuPKztsswte2+hfva6mJLUl21nN5q2sW3A==", "url"=>{"url"=>"www.google.ca"}, "commit"=>"Shorten my URL"}
Completed 500 Internal Server Error in 1ms

ActiveModel::ForbiddenAttributesError (ActiveModel::ForbiddenAttributesError):
  app/controllers/urls_controller.rb:7:in `create'


  Rendered /Users/peterli/.rvm/gems/ruby-2.2.0/gems/actionpack-4.2.0/lib/action_dispatch/middleware/templates/rescues/_source.erb (6.0ms)
  Rendered /Users/peterli/.rvm/gems/ruby-2.2.0/gems/actionpack-4.2.0/lib/action_dispatch/middleware/templates/rescues/_trace.html.erb (2.4ms)
  Rendered /Users/peterli/.rvm/gems/ruby-2.2.0/gems/actionpack-4.2.0/lib/action_dispatch/middleware/templates/rescues/_request_and_response.html.erb (0.8ms)
  Rendered /Users/peterli/.rvm/gems/ruby-2.2.0/gems/actionpack-4.2.0/lib/action_dispatch/middleware/templates/rescues/diagnostics.html.erb within rescues/layout (54.2ms)
  Rendered /Users/peterli/.rvm/gems/ruby-2.2.0/gems/web-console-2.1.2/lib/web_console/templates/_markup.html.erb (0.3ms)
  Rendered /Users/peterli/.rvm/gems/ruby-2.2.0/gems/web-console-2.1.2/lib/web_console/templates/style.css.erb within layouts/inlined_string (0.3ms)
  Rendered /Users/peterli/.rvm/gems/ruby-2.2.0/gems/web-console-2.1.2/lib/web_console/templates/_inner_console_markup.html.erb within layouts/inlined_string (0.3ms)
  Rendered /Users/peterli/.rvm/gems/ruby-2.2.0/gems/web-console-2.1.2/lib/web_console/templates/_prompt_box_markup.html.erb within layouts/inlined_string (0.3ms)
  Rendered /Users/peterli/.rvm/gems/ruby-2.2.0/gems/web-console-2.1.2/lib/web_console/templates/console.js.erb within layouts/javascript (45.2ms)
  Rendered /Users/peterli/.rvm/gems/ruby-2.2.0/gems/web-console-2.1.2/lib/web_console/templates/main.js.erb within layouts/javascript (0.4ms)
  Rendered /Users/peterli/.rvm/gems/ruby-2.2.0/gems/web-console-2.1.2/lib/web_console/templates/error_page.js.erb within layouts/javascript (0.4ms)
  Rendered /Users/peterli/.rvm/gems/ruby-2.2.0/gems/web-console-2.1.2/lib/web_console/templates/index.html.erb (99.2ms)


Started POST "/urls" for ::1 at 2015-04-14 16:49:01 -0400
Processing by UrlsController#create as HTML
  Parameters: {"utf8"=>"✓", "authenticity_token"=>"GfKifeX05cCRn9qYzBc+ZOjFvO3x7BRy+8K2AF3NjkjUi+UMysAkjuPKztsswte2+hfva6mJLUl21nN5q2sW3A==", "url"=>{"url"=>"www.google.ca"}, "commit"=>"Shorten my URL"}
Completed 500 Internal Server Error in 5ms

ActiveModel::ForbiddenAttributesError (ActiveModel::ForbiddenAttributesError):
  app/controllers/urls_controller.rb:7:in `create'


  Rendered /Users/peterli/.rvm/gems/ruby-2.2.0/gems/actionpack-4.2.0/lib/action_dispatch/middleware/templates/rescues/_source.erb (8.3ms)
  Rendered /Users/peterli/.rvm/gems/ruby-2.2.0/gems/actionpack-4.2.0/lib/action_dispatch/middleware/templates/rescues/_trace.html.erb (4.4ms)
  Rendered /Users/peterli/.rvm/gems/ruby-2.2.0/gems/actionpack-4.2.0/lib/action_dispatch/middleware/templates/rescues/_request_and_response.html.erb (1.1ms)
  Rendered /Users/peterli/.rvm/gems/ruby-2.2.0/gems/actionpack-4.2.0/lib/action_dispatch/middleware/templates/rescues/diagnostics.html.erb within rescues/layout (62.5ms)
  Rendered /Users/peterli/.rvm/gems/ruby-2.2.0/gems/web-console-2.1.2/lib/web_console/templates/_markup.html.erb (0.3ms)
  Rendered /Users/peterli/.rvm/gems/ruby-2.2.0/gems/web-console-2.1.2/lib/web_console/templates/style.css.erb within layouts/inlined_string (0.6ms)
  Rendered /Users/peterli/.rvm/gems/ruby-2.2.0/gems/web-console-2.1.2/lib/web_console/templates/_inner_console_markup.html.erb within layouts/inlined_string (0.2ms)
  Rendered /Users/peterli/.rvm/gems/ruby-2.2.0/gems/web-console-2.1.2/lib/web_console/templates/_prompt_box_markup.html.erb within layouts/inlined_string (0.6ms)
  Rendered /Users/peterli/.rvm/gems/ruby-2.2.0/gems/web-console-2.1.2/lib/web_console/templates/console.js.erb within layouts/javascript (47.1ms)
  Rendered /Users/peterli/.rvm/gems/ruby-2.2.0/gems/web-console-2.1.2/lib/web_console/templates/main.js.erb within layouts/javascript (0.3ms)
  Rendered /Users/peterli/.rvm/gems/ruby-2.2.0/gems/web-console-2.1.2/lib/web_console/templates/error_page.js.erb within layouts/javascript (0.8ms)
  Rendered /Users/peterli/.rvm/gems/ruby-2.2.0/gems/web-console-2.1.2/lib/web_console/templates/index.html.erb (102.3ms)


Started POST "/urls" for ::1 at 2015-04-14 16:50:01 -0400
  [1m[36mActiveRecord::SchemaMigration Load (0.1ms)[0m  [1mSELECT "schema_migrations".* FROM "schema_migrations"[0m
Processing by UrlsController#create as HTML
  Parameters: {"utf8"=>"✓", "authenticity_token"=>"GfKifeX05cCRn9qYzBc+ZOjFvO3x7BRy+8K2AF3NjkjUi+UMysAkjuPKztsswte2+hfva6mJLUl21nN5q2sW3A==", "url"=>{"url"=>"www.google.ca"}, "commit"=>"Shorten my URL"}
Completed 500 Internal Server Error in 14ms

ActiveModel::ForbiddenAttributesError (ActiveModel::ForbiddenAttributesError):
  app/controllers/urls_controller.rb:7:in `create'


  Rendered /Users/peterli/.rvm/gems/ruby-2.2.0/gems/actionpack-4.2.0/lib/action_dispatch/middleware/templates/rescues/_source.erb (6.5ms)
  Rendered /Users/peterli/.rvm/gems/ruby-2.2.0/gems/actionpack-4.2.0/lib/action_dispatch/middleware/templates/rescues/_trace.html.erb (2.7ms)
  Rendered /Users/peterli/.rvm/gems/ruby-2.2.0/gems/actionpack-4.2.0/lib/action_dispatch/middleware/templates/rescues/_request_and_response.html.erb (1.1ms)
  Rendered /Users/peterli/.rvm/gems/ruby-2.2.0/gems/actionpack-4.2.0/lib/action_dispatch/middleware/templates/rescues/diagnostics.html.erb within rescues/layout (59.3ms)
  Rendered /Users/peterli/.rvm/gems/ruby-2.2.0/gems/web-console-2.1.2/lib/web_console/templates/_markup.html.erb (0.4ms)
  Rendered /Users/peterli/.rvm/gems/ruby-2.2.0/gems/web-console-2.1.2/lib/web_console/templates/style.css.erb within layouts/inlined_string (0.3ms)
  Rendered /Users/peterli/.rvm/gems/ruby-2.2.0/gems/web-console-2.1.2/lib/web_console/templates/_inner_console_markup.html.erb within layouts/inlined_string (0.2ms)
  Rendered /Users/peterli/.rvm/gems/ruby-2.2.0/gems/web-console-2.1.2/lib/web_console/templates/_prompt_box_markup.html.erb within layouts/inlined_string (0.3ms)
  Rendered /Users/peterli/.rvm/gems/ruby-2.2.0/gems/web-console-2.1.2/lib/web_console/templates/console.js.erb within layouts/javascript (44.1ms)
  Rendered /Users/peterli/.rvm/gems/ruby-2.2.0/gems/web-console-2.1.2/lib/web_console/templates/main.js.erb within layouts/javascript (0.4ms)
  Rendered /Users/peterli/.rvm/gems/ruby-2.2.0/gems/web-console-2.1.2/lib/web_console/templates/error_page.js.erb within layouts/javascript (0.3ms)
  Rendered /Users/peterli/.rvm/gems/ruby-2.2.0/gems/web-console-2.1.2/lib/web_console/templates/index.html.erb (103.0ms)


Started PUT "/console/repl_sessions/bcfc017ed156e9332b2f16329f90fde2" for ::1 at 2015-04-14 16:53:39 -0400


Started PUT "/console/repl_sessions/bcfc017ed156e9332b2f16329f90fde2" for ::1 at 2015-04-14 16:53:47 -0400


Started PUT "/console/repl_sessions/bcfc017ed156e9332b2f16329f90fde2" for ::1 at 2015-04-14 16:53:57 -0400


Started POST "/urls" for ::1 at 2015-04-14 16:56:06 -0400
Processing by UrlsController#create as HTML
  Parameters: {"utf8"=>"✓", "authenticity_token"=>"GfKifeX05cCRn9qYzBc+ZOjFvO3x7BRy+8K2AF3NjkjUi+UMysAkjuPKztsswte2+hfva6mJLUl21nN5q2sW3A==", "url"=>{"url"=>"www.google.ca"}, "commit"=>"Shorten my URL"}
  [1m[35m (0.0ms)[0m  begin transaction
  [1m[36mSQL (20.1ms)[0m  [1mINSERT INTO "urls" ("url", "created_at", "updated_at") VALUES (?, ?, ?)[0m  [["url", "www.google.ca"], ["created_at", "2015-04-14 20:56:06.676111"], ["updated_at", "2015-04-14 20:56:06.676111"]]
  [1m[35m (1.0ms)[0m  commit transaction
Redirected to http://localhost:3000/urls/new
Completed 302 Found in 39ms (ActiveRecord: 21.5ms)


Started GET "/urls/new" for ::1 at 2015-04-14 16:56:06 -0400
Processing by UrlsController#new as HTML
  Rendered urls/new.html.erb within layouts/application (6.9ms)
Completed 200 OK in 165ms (Views: 163.9ms | ActiveRecord: 0.0ms)


Started GET "/urls/1" for ::1 at 2015-04-14 16:56:10 -0400
Processing by UrlsController#show as HTML
  Parameters: {"id"=>"1"}
  [1m[36mUrl Load (0.2ms)[0m  [1mSELECT  "urls".* FROM "urls" WHERE "urls"."id" = ? LIMIT 1[0m  [["id", 1]]
Redirected to http://localhost:3000www.google.ca
Completed 500 Internal Server Error in 26ms

URI::InvalidURIError (bad URI(is not URI?): http://localhost:3000www.google.ca):
  /Users/peterli/.rvm/rubies/ruby-2.2.0/lib/ruby/2.2.0/uri/rfc3986_parser.rb:66:in `split'
  /Users/peterli/.rvm/rubies/ruby-2.2.0/lib/ruby/2.2.0/uri/rfc3986_parser.rb:72:in `parse'
  /Users/peterli/.rvm/rubies/ruby-2.2.0/lib/ruby/2.2.0/uri/common.rb:226:in `parse'
  turbolinks (2.5.3) lib/turbolinks/x_domain_blocker.rb:9:in `same_origin?'
  turbolinks (2.5.3) lib/turbolinks/x_domain_blocker.rb:16:in `abort_xdomain_redirect'
  activesupport (4.2.0) lib/active_support/callbacks.rb:427:in `block in make_lambda'
  activesupport (4.2.0) lib/active_support/callbacks.rb:236:in `call'
  activesupport (4.2.0) lib/active_support/callbacks.rb:236:in `block in halting'
  activesupport (4.2.0) lib/active_support/callbacks.rb:169:in `call'
  activesupport (4.2.0) lib/active_support/callbacks.rb:169:in `block in halting'
  activesupport (4.2.0) lib/active_support/callbacks.rb:169:in `call'
  activesupport (4.2.0) lib/active_support/callbacks.rb:169:in `block in halting'
  activesupport (4.2.0) lib/active_support/callbacks.rb:169:in `call'
  activesupport (4.2.0) lib/active_support/callbacks.rb:169:in `block in halting'
  activesupport (4.2.0) lib/active_support/callbacks.rb:92:in `call'
  activesupport (4.2.0) lib/active_support/callbacks.rb:92:in `_run_callbacks'
  activesupport (4.2.0) lib/active_support/callbacks.rb:734:in `_run_process_action_callbacks'
  activesupport (4.2.0) lib/active_support/callbacks.rb:81:in `run_callbacks'
  actionpack (4.2.0) lib/abstract_controller/callbacks.rb:19:in `process_action'
  actionpack (4.2.0) lib/action_controller/metal/rescue.rb:29:in `process_action'
  actionpack (4.2.0) lib/action_controller/metal/instrumentation.rb:31:in `block in process_action'
  activesupport (4.2.0) lib/active_support/notifications.rb:164:in `block in instrument'
  activesupport (4.2.0) lib/active_support/notifications/instrumenter.rb:20:in `instrument'
  activesupport (4.2.0) lib/active_support/notifications.rb:164:in `instrument'
  actionpack (4.2.0) lib/action_controller/metal/instrumentation.rb:30:in `process_action'
  actionpack (4.2.0) lib/action_controller/metal/params_wrapper.rb:250:in `process_action'
  activerecord (4.2.0) lib/active_record/railties/controller_runtime.rb:18:in `process_action'
  actionpack (4.2.0) lib/abstract_controller/base.rb:137:in `process'
  actionview (4.2.0) lib/action_view/rendering.rb:30:in `process'
  actionpack (4.2.0) lib/action_controller/metal.rb:195:in `dispatch'
  actionpack (4.2.0) lib/action_controller/metal/rack_delegation.rb:13:in `dispatch'
  actionpack (4.2.0) lib/action_controller/metal.rb:236:in `block in action'
  actionpack (4.2.0) lib/action_dispatch/routing/route_set.rb:73:in `call'
  actionpack (4.2.0) lib/action_dispatch/routing/route_set.rb:73:in `dispatch'
  actionpack (4.2.0) lib/action_dispatch/routing/route_set.rb:42:in `serve'
  actionpack (4.2.0) lib/action_dispatch/journey/router.rb:43:in `block in serve'
  actionpack (4.2.0) lib/action_dispatch/journey/router.rb:30:in `each'
  actionpack (4.2.0) lib/action_dispatch/journey/router.rb:30:in `serve'
  actionpack (4.2.0) lib/action_dispatch/routing/route_set.rb:802:in `call'
  rack (1.6.0) lib/rack/etag.rb:24:in `call'
  rack (1.6.0) lib/rack/conditionalget.rb:25:in `call'
  rack (1.6.0) lib/rack/head.rb:13:in `call'
  actionpack (4.2.0) lib/action_dispatch/middleware/params_parser.rb:27:in `call'
  actionpack (4.2.0) lib/action_dispatch/middleware/flash.rb:260:in `call'
  rack (1.6.0) lib/rack/session/abstract/id.rb:225:in `context'
  rack (1.6.0) lib/rack/session/abstract/id.rb:220:in `call'
  actionpack (4.2.0) lib/action_dispatch/middleware/cookies.rb:560:in `call'
  activerecord (4.2.0) lib/active_record/query_cache.rb:36:in `call'
  activerecord (4.2.0) lib/active_record/connection_adapters/abstract/connection_pool.rb:647:in `call'
  activerecord (4.2.0) lib/active_record/migration.rb:378:in `call'
  actionpack (4.2.0) lib/action_dispatch/middleware/callbacks.rb:29:in `block in call'
  activesupport (4.2.0) lib/active_support/callbacks.rb:88:in `call'
  activesupport (4.2.0) lib/active_support/callbacks.rb:88:in `_run_callbacks'
  activesupport (4.2.0) lib/active_support/callbacks.rb:734:in `_run_call_callbacks'
  activesupport (4.2.0) lib/active_support/callbacks.rb:81:in `run_callbacks'
  actionpack (4.2.0) lib/action_dispatch/middleware/callbacks.rb:27:in `call'
  actionpack (4.2.0) lib/action_dispatch/middleware/reloader.rb:73:in `call'
  actionpack (4.2.0) lib/action_dispatch/middleware/remote_ip.rb:78:in `call'
  actionpack (4.2.0) lib/action_dispatch/middleware/debug_exceptions.rb:17:in `call'
  web-console (2.1.2) lib/web_console/middleware.rb:37:in `call'
  actionpack (4.2.0) lib/action_dispatch/middleware/show_exceptions.rb:30:in `call'
  railties (4.2.0) lib/rails/rack/logger.rb:38:in `call_app'
  railties (4.2.0) lib/rails/rack/logger.rb:20:in `block in call'
  activesupport (4.2.0) lib/active_support/tagged_logging.rb:68:in `block in tagged'
  activesupport (4.2.0) lib/active_support/tagged_logging.rb:26:in `tagged'
  activesupport (4.2.0) lib/active_support/tagged_logging.rb:68:in `tagged'
  railties (4.2.0) lib/rails/rack/logger.rb:20:in `call'
  actionpack (4.2.0) lib/action_dispatch/middleware/request_id.rb:21:in `call'
  rack (1.6.0) lib/rack/methodoverride.rb:22:in `call'
  rack (1.6.0) lib/rack/runtime.rb:18:in `call'
  activesupport (4.2.0) lib/active_support/cache/strategy/local_cache_middleware.rb:28:in `call'
  rack (1.6.0) lib/rack/lock.rb:17:in `call'
  actionpack (4.2.0) lib/action_dispatch/middleware/static.rb:113:in `call'
  rack (1.6.0) lib/rack/sendfile.rb:113:in `call'
  railties (4.2.0) lib/rails/engine.rb:518:in `call'
  railties (4.2.0) lib/rails/application.rb:164:in `call'
  rack (1.6.0) lib/rack/lock.rb:17:in `call'
  rack (1.6.0) lib/rack/content_length.rb:15:in `call'
  rack (1.6.0) lib/rack/handler/webrick.rb:89:in `service'
  /Users/peterli/.rvm/rubies/ruby-2.2.0/lib/ruby/2.2.0/webrick/httpserver.rb:138:in `service'
  /Users/peterli/.rvm/rubies/ruby-2.2.0/lib/ruby/2.2.0/webrick/httpserver.rb:94:in `run'
  /Users/peterli/.rvm/rubies/ruby-2.2.0/lib/ruby/2.2.0/webrick/server.rb:294:in `block in start_thread'


  Rendered /Users/peterli/.rvm/gems/ruby-2.2.0/gems/actionpack-4.2.0/lib/action_dispatch/middleware/templates/rescues/_source.erb (13.6ms)
  Rendered /Users/peterli/.rvm/gems/ruby-2.2.0/gems/actionpack-4.2.0/lib/action_dispatch/middleware/templates/rescues/_trace.html.erb (3.9ms)
  Rendered /Users/peterli/.rvm/gems/ruby-2.2.0/gems/actionpack-4.2.0/lib/action_dispatch/middleware/templates/rescues/_request_and_response.html.erb (1.4ms)
  Rendered /Users/peterli/.rvm/gems/ruby-2.2.0/gems/actionpack-4.2.0/lib/action_dispatch/middleware/templates/rescues/diagnostics.html.erb within rescues/layout (64.8ms)
  Rendered /Users/peterli/.rvm/gems/ruby-2.2.0/gems/web-console-2.1.2/lib/web_console/templates/_markup.html.erb (0.4ms)
  Rendered /Users/peterli/.rvm/gems/ruby-2.2.0/gems/web-console-2.1.2/lib/web_console/templates/style.css.erb within layouts/inlined_string (0.3ms)
  Rendered /Users/peterli/.rvm/gems/ruby-2.2.0/gems/web-console-2.1.2/lib/web_console/templates/_inner_console_markup.html.erb within layouts/inlined_string (0.5ms)
  Rendered /Users/peterli/.rvm/gems/ruby-2.2.0/gems/web-console-2.1.2/lib/web_console/templates/_prompt_box_markup.html.erb within layouts/inlined_string (0.2ms)
  Rendered /Users/peterli/.rvm/gems/ruby-2.2.0/gems/web-console-2.1.2/lib/web_console/templates/console.js.erb within layouts/javascript (45.5ms)
  Rendered /Users/peterli/.rvm/gems/ruby-2.2.0/gems/web-console-2.1.2/lib/web_console/templates/main.js.erb within layouts/javascript (0.4ms)
  Rendered /Users/peterli/.rvm/gems/ruby-2.2.0/gems/web-console-2.1.2/lib/web_console/templates/error_page.js.erb within layouts/javascript (0.3ms)
  Rendered /Users/peterli/.rvm/gems/ruby-2.2.0/gems/web-console-2.1.2/lib/web_console/templates/index.html.erb (100.7ms)


Started GET "/urls/1" for ::1 at 2015-04-14 16:56:11 -0400
Processing by UrlsController#show as HTML
  Parameters: {"id"=>"1"}
  [1m[35mUrl Load (0.1ms)[0m  SELECT  "urls".* FROM "urls" WHERE "urls"."id" = ? LIMIT 1  [["id", 1]]
Redirected to http://localhost:3000www.google.ca
Completed 302 Found in 1ms (ActiveRecord: 0.1ms)


Started GET "/urls/1" for ::1 at 2015-04-14 16:56:11 -0400
Processing by UrlsController#show as HTML
  Parameters: {"id"=>"1"}
  [1m[36mUrl Load (0.1ms)[0m  [1mSELECT  "urls".* FROM "urls" WHERE "urls"."id" = ? LIMIT 1[0m  [["id", 1]]
Redirected to http://localhost:3000www.google.ca
Completed 302 Found in 1ms (ActiveRecord: 0.1ms)


Started GET "/urls/1" for ::1 at 2015-04-14 16:56:11 -0400
Processing by UrlsController#show as HTML
  Parameters: {"id"=>"1"}
  [1m[35mUrl Load (0.1ms)[0m  SELECT  "urls".* FROM "urls" WHERE "urls"."id" = ? LIMIT 1  [["id", 1]]
Redirected to http://localhost:3000www.google.ca
Completed 302 Found in 2ms (ActiveRecord: 0.1ms)


Started GET "/urls/1" for ::1 at 2015-04-14 16:56:18 -0400
Processing by UrlsController#show as HTML
  Parameters: {"id"=>"1"}
  [1m[36mUrl Load (0.1ms)[0m  [1mSELECT  "urls".* FROM "urls" WHERE "urls"."id" = ? LIMIT 1[0m  [["id", 1]]
Redirected to http://localhost:3000www.google.ca
Completed 500 Internal Server Error in 3ms

URI::InvalidURIError (bad URI(is not URI?): http://localhost:3000www.google.ca):
  /Users/peterli/.rvm/rubies/ruby-2.2.0/lib/ruby/2.2.0/uri/rfc3986_parser.rb:66:in `split'
  /Users/peterli/.rvm/rubies/ruby-2.2.0/lib/ruby/2.2.0/uri/rfc3986_parser.rb:72:in `parse'
  /Users/peterli/.rvm/rubies/ruby-2.2.0/lib/ruby/2.2.0/uri/common.rb:226:in `parse'
  turbolinks (2.5.3) lib/turbolinks/x_domain_blocker.rb:9:in `same_origin?'
  turbolinks (2.5.3) lib/turbolinks/x_domain_blocker.rb:16:in `abort_xdomain_redirect'
  activesupport (4.2.0) lib/active_support/callbacks.rb:427:in `block in make_lambda'
  activesupport (4.2.0) lib/active_support/callbacks.rb:236:in `call'
  activesupport (4.2.0) lib/active_support/callbacks.rb:236:in `block in halting'
  activesupport (4.2.0) lib/active_support/callbacks.rb:169:in `call'
  activesupport (4.2.0) lib/active_support/callbacks.rb:169:in `block in halting'
  activesupport (4.2.0) lib/active_support/callbacks.rb:169:in `call'
  activesupport (4.2.0) lib/active_support/callbacks.rb:169:in `block in halting'
  activesupport (4.2.0) lib/active_support/callbacks.rb:169:in `call'
  activesupport (4.2.0) lib/active_support/callbacks.rb:169:in `block in halting'
  activesupport (4.2.0) lib/active_support/callbacks.rb:92:in `call'
  activesupport (4.2.0) lib/active_support/callbacks.rb:92:in `_run_callbacks'
  activesupport (4.2.0) lib/active_support/callbacks.rb:734:in `_run_process_action_callbacks'
  activesupport (4.2.0) lib/active_support/callbacks.rb:81:in `run_callbacks'
  actionpack (4.2.0) lib/abstract_controller/callbacks.rb:19:in `process_action'
  actionpack (4.2.0) lib/action_controller/metal/rescue.rb:29:in `process_action'
  actionpack (4.2.0) lib/action_controller/metal/instrumentation.rb:31:in `block in process_action'
  activesupport (4.2.0) lib/active_support/notifications.rb:164:in `block in instrument'
  activesupport (4.2.0) lib/active_support/notifications/instrumenter.rb:20:in `instrument'
  activesupport (4.2.0) lib/active_support/notifications.rb:164:in `instrument'
  actionpack (4.2.0) lib/action_controller/metal/instrumentation.rb:30:in `process_action'
  actionpack (4.2.0) lib/action_controller/metal/params_wrapper.rb:250:in `process_action'
  activerecord (4.2.0) lib/active_record/railties/controller_runtime.rb:18:in `process_action'
  actionpack (4.2.0) lib/abstract_controller/base.rb:137:in `process'
  actionview (4.2.0) lib/action_view/rendering.rb:30:in `process'
  actionpack (4.2.0) lib/action_controller/metal.rb:195:in `dispatch'
  actionpack (4.2.0) lib/action_controller/metal/rack_delegation.rb:13:in `dispatch'
  actionpack (4.2.0) lib/action_controller/metal.rb:236:in `block in action'
  actionpack (4.2.0) lib/action_dispatch/routing/route_set.rb:73:in `call'
  actionpack (4.2.0) lib/action_dispatch/routing/route_set.rb:73:in `dispatch'
  actionpack (4.2.0) lib/action_dispatch/routing/route_set.rb:42:in `serve'
  actionpack (4.2.0) lib/action_dispatch/journey/router.rb:43:in `block in serve'
  actionpack (4.2.0) lib/action_dispatch/journey/router.rb:30:in `each'
  actionpack (4.2.0) lib/action_dispatch/journey/router.rb:30:in `serve'
  actionpack (4.2.0) lib/action_dispatch/routing/route_set.rb:802:in `call'
  rack (1.6.0) lib/rack/etag.rb:24:in `call'
  rack (1.6.0) lib/rack/conditionalget.rb:25:in `call'
  rack (1.6.0) lib/rack/head.rb:13:in `call'
  actionpack (4.2.0) lib/action_dispatch/middleware/params_parser.rb:27:in `call'
  actionpack (4.2.0) lib/action_dispatch/middleware/flash.rb:260:in `call'
  rack (1.6.0) lib/rack/session/abstract/id.rb:225:in `context'
  rack (1.6.0) lib/rack/session/abstract/id.rb:220:in `call'
  actionpack (4.2.0) lib/action_dispatch/middleware/cookies.rb:560:in `call'
  activerecord (4.2.0) lib/active_record/query_cache.rb:36:in `call'
  activerecord (4.2.0) lib/active_record/connection_adapters/abstract/connection_pool.rb:647:in `call'
  activerecord (4.2.0) lib/active_record/migration.rb:378:in `call'
  actionpack (4.2.0) lib/action_dispatch/middleware/callbacks.rb:29:in `block in call'
  activesupport (4.2.0) lib/active_support/callbacks.rb:88:in `call'
  activesupport (4.2.0) lib/active_support/callbacks.rb:88:in `_run_callbacks'
  activesupport (4.2.0) lib/active_support/callbacks.rb:734:in `_run_call_callbacks'
  activesupport (4.2.0) lib/active_support/callbacks.rb:81:in `run_callbacks'
  actionpack (4.2.0) lib/action_dispatch/middleware/callbacks.rb:27:in `call'
  actionpack (4.2.0) lib/action_dispatch/middleware/reloader.rb:73:in `call'
  actionpack (4.2.0) lib/action_dispatch/middleware/remote_ip.rb:78:in `call'
  actionpack (4.2.0) lib/action_dispatch/middleware/debug_exceptions.rb:17:in `call'
  web-console (2.1.2) lib/web_console/middleware.rb:37:in `call'
  actionpack (4.2.0) lib/action_dispatch/middleware/show_exceptions.rb:30:in `call'
  railties (4.2.0) lib/rails/rack/logger.rb:38:in `call_app'
  railties (4.2.0) lib/rails/rack/logger.rb:20:in `block in call'
  activesupport (4.2.0) lib/active_support/tagged_logging.rb:68:in `block in tagged'
  activesupport (4.2.0) lib/active_support/tagged_logging.rb:26:in `tagged'
  activesupport (4.2.0) lib/active_support/tagged_logging.rb:68:in `tagged'
  railties (4.2.0) lib/rails/rack/logger.rb:20:in `call'
  actionpack (4.2.0) lib/action_dispatch/middleware/request_id.rb:21:in `call'
  rack (1.6.0) lib/rack/methodoverride.rb:22:in `call'
  rack (1.6.0) lib/rack/runtime.rb:18:in `call'
  activesupport (4.2.0) lib/active_support/cache/strategy/local_cache_middleware.rb:28:in `call'
  rack (1.6.0) lib/rack/lock.rb:17:in `call'
  actionpack (4.2.0) lib/action_dispatch/middleware/static.rb:113:in `call'
  rack (1.6.0) lib/rack/sendfile.rb:113:in `call'
  railties (4.2.0) lib/rails/engine.rb:518:in `call'
  railties (4.2.0) lib/rails/application.rb:164:in `call'
  rack (1.6.0) lib/rack/lock.rb:17:in `call'
  rack (1.6.0) lib/rack/content_length.rb:15:in `call'
  rack (1.6.0) lib/rack/handler/webrick.rb:89:in `service'
  /Users/peterli/.rvm/rubies/ruby-2.2.0/lib/ruby/2.2.0/webrick/httpserver.rb:138:in `service'
  /Users/peterli/.rvm/rubies/ruby-2.2.0/lib/ruby/2.2.0/webrick/httpserver.rb:94:in `run'
  /Users/peterli/.rvm/rubies/ruby-2.2.0/lib/ruby/2.2.0/webrick/server.rb:294:in `block in start_thread'


  Rendered /Users/peterli/.rvm/gems/ruby-2.2.0/gems/actionpack-4.2.0/lib/action_dispatch/middleware/templates/rescues/_source.erb (5.3ms)
  Rendered /Users/peterli/.rvm/gems/ruby-2.2.0/gems/actionpack-4.2.0/lib/action_dispatch/middleware/templates/rescues/_trace.html.erb (2.5ms)
  Rendered /Users/peterli/.rvm/gems/ruby-2.2.0/gems/actionpack-4.2.0/lib/action_dispatch/middleware/templates/rescues/_request_and_response.html.erb (1.1ms)
  Rendered /Users/peterli/.rvm/gems/ruby-2.2.0/gems/actionpack-4.2.0/lib/action_dispatch/middleware/templates/rescues/diagnostics.html.erb within rescues/layout (57.2ms)
  Rendered /Users/peterli/.rvm/gems/ruby-2.2.0/gems/web-console-2.1.2/lib/web_console/templates/_markup.html.erb (0.4ms)
  Rendered /Users/peterli/.rvm/gems/ruby-2.2.0/gems/web-console-2.1.2/lib/web_console/templates/style.css.erb within layouts/inlined_string (0.3ms)
  Rendered /Users/peterli/.rvm/gems/ruby-2.2.0/gems/web-console-2.1.2/lib/web_console/templates/_inner_console_markup.html.erb within layouts/inlined_string (0.4ms)
  Rendered /Users/peterli/.rvm/gems/ruby-2.2.0/gems/web-console-2.1.2/lib/web_console/templates/_prompt_box_markup.html.erb within layouts/inlined_string (0.3ms)
  Rendered /Users/peterli/.rvm/gems/ruby-2.2.0/gems/web-console-2.1.2/lib/web_console/templates/console.js.erb within layouts/javascript (47.8ms)
  Rendered /Users/peterli/.rvm/gems/ruby-2.2.0/gems/web-console-2.1.2/lib/web_console/templates/main.js.erb within layouts/javascript (0.3ms)
  Rendered /Users/peterli/.rvm/gems/ruby-2.2.0/gems/web-console-2.1.2/lib/web_console/templates/error_page.js.erb within layouts/javascript (0.4ms)
  Rendered /Users/peterli/.rvm/gems/ruby-2.2.0/gems/web-console-2.1.2/lib/web_console/templates/index.html.erb (104.3ms)


Started GET "/urls/1" for ::1 at 2015-04-14 16:56:18 -0400
Processing by UrlsController#show as HTML
  Parameters: {"id"=>"1"}
  [1m[35mUrl Load (0.1ms)[0m  SELECT  "urls".* FROM "urls" WHERE "urls"."id" = ? LIMIT 1  [["id", 1]]
Redirected to http://localhost:3000www.google.ca
Completed 302 Found in 1ms (ActiveRecord: 0.1ms)


Started GET "/urls/1" for ::1 at 2015-04-14 16:56:18 -0400
Processing by UrlsController#show as HTML
  Parameters: {"id"=>"1"}
  [1m[36mUrl Load (0.1ms)[0m  [1mSELECT  "urls".* FROM "urls" WHERE "urls"."id" = ? LIMIT 1[0m  [["id", 1]]
Redirected to http://localhost:3000www.google.ca
Completed 302 Found in 1ms (ActiveRecord: 0.1ms)


Started GET "/urls/1" for ::1 at 2015-04-14 16:56:18 -0400
Processing by UrlsController#show as HTML
  Parameters: {"id"=>"1"}
  [1m[35mUrl Load (0.2ms)[0m  SELECT  "urls".* FROM "urls" WHERE "urls"."id" = ? LIMIT 1  [["id", 1]]
Redirected to http://localhost:3000www.google.ca
Completed 302 Found in 2ms (ActiveRecord: 0.2ms)


Started POST "/urls" for ::1 at 2015-04-14 17:01:59 -0400
Processing by UrlsController#create as HTML
  Parameters: {"utf8"=>"✓", "authenticity_token"=>"gZRjUpRTZTLpLwczDGpeiHUQqcp0/fDegDWxp/4S2F9M7SQju2ekfJt6E3Dsv7daZ8L6TCyYyeUNIXTeCLRAyw==", "url"=>{"url"=>"http://google.ca"}, "commit"=>"Shorten my URL"}
  [1m[36m (0.1ms)[0m  [1mbegin transaction[0m
  [1m[35mSQL (0.2ms)[0m  INSERT INTO "urls" ("url", "created_at", "updated_at") VALUES (?, ?, ?)  [["url", "http://google.ca"], ["created_at", "2015-04-14 21:01:59.769327"], ["updated_at", "2015-04-14 21:01:59.769327"]]
  [1m[36m (1.2ms)[0m  [1mcommit transaction[0m
Redirected to http://localhost:3000/urls/new
Completed 302 Found in 4ms (ActiveRecord: 1.6ms)


Started GET "/urls/new" for ::1 at 2015-04-14 17:01:59 -0400
Processing by UrlsController#new as HTML
  Rendered urls/new.html.erb within layouts/application (0.6ms)
Completed 200 OK in 26ms (Views: 25.5ms | ActiveRecord: 0.0ms)


Started GET "/urls/2" for ::1 at 2015-04-14 17:02:01 -0400
Processing by UrlsController#show as HTML
  Parameters: {"id"=>"2"}
  [1m[35mUrl Load (0.1ms)[0m  SELECT  "urls".* FROM "urls" WHERE "urls"."id" = ? LIMIT 1  [["id", 2]]
Redirected to http://google.ca
Completed 403 Forbidden in 1ms (ActiveRecord: 0.1ms)


Started POST "/urls" for ::1 at 2015-04-14 17:04:46 -0400
Processing by UrlsController#create as HTML
  Parameters: {"utf8"=>"✓", "authenticity_token"=>"yffeydsSgqlIB1IuRZrNsYGOWEL0rDKuNxonVwaPA4kEjpm49CZD5zpSRm2lTyRjk1wLxKzJC5W6DuIu8CmbHQ==", "url"=>{"url"=>"awef"}, "commit"=>"Shorten my URL"}
  [1m[36m (0.1ms)[0m  [1mbegin transaction[0m
  [1m[35mSQL (0.3ms)[0m  INSERT INTO "urls" ("url", "created_at", "updated_at") VALUES (?, ?, ?)  [["url", "awef"], ["created_at", "2015-04-14 21:04:46.079279"], ["updated_at", "2015-04-14 21:04:46.079279"]]
  [1m[36m (6.2ms)[0m  [1mcommit transaction[0m
Redirected to http://localhost:3000/urls/new
Completed 302 Found in 9ms (ActiveRecord: 6.6ms)


Started GET "/urls/new" for ::1 at 2015-04-14 17:04:46 -0400
Processing by UrlsController#new as HTML
  Rendered urls/new.html.erb within layouts/application (0.6ms)
Completed 200 OK in 26ms (Views: 25.2ms | ActiveRecord: 0.0ms)


Started GET "/urls/3" for ::1 at 2015-04-14 17:04:51 -0400
Processing by UrlsController#show as HTML
  Parameters: {"id"=>"3"}
  [1m[35mUrl Load (0.1ms)[0m  SELECT  "urls".* FROM "urls" WHERE "urls"."id" = ? LIMIT 1  [["id", 3]]
Redirected to http://localhost:3000awef
Completed 302 Found in 1ms (ActiveRecord: 0.1ms)


Started GET "/urls/3" for ::1 at 2015-04-14 17:04:51 -0400
Processing by UrlsController#show as HTML
  Parameters: {"id"=>"3"}
  [1m[36mUrl Load (0.1ms)[0m  [1mSELECT  "urls".* FROM "urls" WHERE "urls"."id" = ? LIMIT 1[0m  [["id", 3]]
Redirected to http://localhost:3000awef
Completed 302 Found in 1ms (ActiveRecord: 0.1ms)


Started GET "/urls/3" for ::1 at 2015-04-14 17:04:51 -0400
Processing by UrlsController#show as HTML
  Parameters: {"id"=>"3"}
  [1m[35mUrl Load (0.1ms)[0m  SELECT  "urls".* FROM "urls" WHERE "urls"."id" = ? LIMIT 1  [["id", 3]]
Redirected to http://localhost:3000awef
Completed 302 Found in 1ms (ActiveRecord: 0.1ms)


Started POST "/urls" for ::1 at 2015-04-14 17:07:30 -0400
Processing by UrlsController#create as HTML
  Parameters: {"utf8"=>"✓", "authenticity_token"=>"fjXwzw9J1XAB5H1a43iUbwxdd4Zz4FekFbELqznB6gazTLe+IH0UPnOxaRkDrX29Ho8kACuFbp+Ypc7Sz2dykg==", "url"=>{"url"=>"google.ca"}, "commit"=>"Shorten my URL"}
  [1m[36m (0.0ms)[0m  [1mbegin transaction[0m
  [1m[35mSQL (15.8ms)[0m  INSERT INTO "urls" ("url", "created_at", "updated_at") VALUES (?, ?, ?)  [["url", "google.ca"], ["created_at", "2015-04-14 21:07:30.426848"], ["updated_at", "2015-04-14 21:07:30.426848"]]
  [1m[36m (1.1ms)[0m  [1mcommit transaction[0m
Redirected to http://localhost:3000/urls/new
Completed 302 Found in 34ms (ActiveRecord: 17.3ms)


Started GET "/urls/new" for ::1 at 2015-04-14 17:07:30 -0400
Processing by UrlsController#new as HTML
  Rendered urls/new.html.erb within layouts/application (1.2ms)
Completed 200 OK in 97ms (Views: 96.2ms | ActiveRecord: 0.0ms)


Started GET "/urls/4" for ::1 at 2015-04-14 17:07:34 -0400
Processing by UrlsController#show as HTML
  Parameters: {"id"=>"4"}
  [1m[35mUrl Load (0.2ms)[0m  SELECT  "urls".* FROM "urls" WHERE "urls"."id" = ? LIMIT 1  [["id", 4]]
Completed 500 Internal Server Error in 9ms

NoMethodError (undefined method `google.ca' for #<UrlsController:0x007ff56550ceb0>):
  app/controllers/urls_controller.rb:18:in `show'


  Rendered /Users/peterli/.rvm/gems/ruby-2.2.0/gems/actionpack-4.2.0/lib/action_dispatch/middleware/templates/rescues/_source.erb (6.1ms)
  Rendered /Users/peterli/.rvm/gems/ruby-2.2.0/gems/actionpack-4.2.0/lib/action_dispatch/middleware/templates/rescues/_trace.html.erb (3.5ms)
  Rendered /Users/peterli/.rvm/gems/ruby-2.2.0/gems/actionpack-4.2.0/lib/action_dispatch/middleware/templates/rescues/_request_and_response.html.erb (1.6ms)
  Rendered /Users/peterli/.rvm/gems/ruby-2.2.0/gems/actionpack-4.2.0/lib/action_dispatch/middleware/templates/rescues/diagnostics.html.erb within rescues/layout (63.5ms)
  Rendered /Users/peterli/.rvm/gems/ruby-2.2.0/gems/web-console-2.1.2/lib/web_console/templates/_markup.html.erb (0.3ms)
  Rendered /Users/peterli/.rvm/gems/ruby-2.2.0/gems/web-console-2.1.2/lib/web_console/templates/style.css.erb within layouts/inlined_string (0.2ms)
  Rendered /Users/peterli/.rvm/gems/ruby-2.2.0/gems/web-console-2.1.2/lib/web_console/templates/_inner_console_markup.html.erb within layouts/inlined_string (0.3ms)
  Rendered /Users/peterli/.rvm/gems/ruby-2.2.0/gems/web-console-2.1.2/lib/web_console/templates/_prompt_box_markup.html.erb within layouts/inlined_string (0.4ms)
  Rendered /Users/peterli/.rvm/gems/ruby-2.2.0/gems/web-console-2.1.2/lib/web_console/templates/console.js.erb within layouts/javascript (46.9ms)
  Rendered /Users/peterli/.rvm/gems/ruby-2.2.0/gems/web-console-2.1.2/lib/web_console/templates/main.js.erb within layouts/javascript (0.4ms)
  Rendered /Users/peterli/.rvm/gems/ruby-2.2.0/gems/web-console-2.1.2/lib/web_console/templates/error_page.js.erb within layouts/javascript (0.4ms)
  Rendered /Users/peterli/.rvm/gems/ruby-2.2.0/gems/web-console-2.1.2/lib/web_console/templates/index.html.erb (103.5ms)


Started POST "/urls" for ::1 at 2015-04-14 17:15:35 -0400
Processing by UrlsController#create as HTML
  Parameters: {"utf8"=>"✓", "authenticity_token"=>"lyGnc0HNYn37OvszKFOXOR/5MTghsfdlxzB16RxxYzZaWOACbvmjM4lv73DIhn7rDStivnnUzl5KJLCQ6tf7og==", "url"=>{"url"=>"google.ca"}, "commit"=>"Shorten my URL"}
  [1m[36m (0.0ms)[0m  [1mbegin transaction[0m
  [1m[35mSQL (0.7ms)[0m  INSERT INTO "urls" ("url", "created_at", "updated_at") VALUES (?, ?, ?)  [["url", "google.ca"], ["created_at", "2015-04-14 21:15:35.753534"], ["updated_at", "2015-04-14 21:15:35.753534"]]
  [1m[36m (1.0ms)[0m  [1mcommit transaction[0m
Redirected to http://localhost:3000/urls/new
Completed 302 Found in 19ms (ActiveRecord: 2.1ms)


Started GET "/urls/new" for ::1 at 2015-04-14 17:15:35 -0400
Processing by UrlsController#new as HTML
  Rendered urls/new.html.erb within layouts/application (1.2ms)
Completed 200 OK in 84ms (Views: 83.3ms | ActiveRecord: 0.0ms)


Started GET "/urls/5" for ::1 at 2015-04-14 17:15:39 -0400
Processing by UrlsController#show as HTML
  Parameters: {"id"=>"5"}
  [1m[35mUrl Load (0.2ms)[0m  SELECT  "urls".* FROM "urls" WHERE "urls"."id" = ? LIMIT 1  [["id", 5]]
Redirected to http://localhost:3000google.ca
Completed 302 Found in 2ms (ActiveRecord: 0.2ms)


Started GET "/urls/5" for ::1 at 2015-04-14 17:15:39 -0400
Processing by UrlsController#show as HTML
  Parameters: {"id"=>"5"}
  [1m[36mUrl Load (0.1ms)[0m  [1mSELECT  "urls".* FROM "urls" WHERE "urls"."id" = ? LIMIT 1[0m  [["id", 5]]
Redirected to http://localhost:3000google.ca
Completed 302 Found in 1ms (ActiveRecord: 0.1ms)


Started GET "/urls/5" for ::1 at 2015-04-14 17:15:39 -0400
Processing by UrlsController#show as HTML
  Parameters: {"id"=>"5"}
  [1m[35mUrl Load (0.1ms)[0m  SELECT  "urls".* FROM "urls" WHERE "urls"."id" = ? LIMIT 1  [["id", 5]]
Redirected to http://localhost:3000google.ca
Completed 302 Found in 2ms (ActiveRecord: 0.1ms)


Started GET "/urls/5" for ::1 at 2015-04-14 17:15:44 -0400
Processing by UrlsController#show as HTML
  Parameters: {"id"=>"5"}
  [1m[36mUrl Load (0.1ms)[0m  [1mSELECT  "urls".* FROM "urls" WHERE "urls"."id" = ? LIMIT 1[0m  [["id", 5]]
Redirected to http://localhost:3000google.ca
Completed 302 Found in 2ms (ActiveRecord: 0.1ms)


Started POST "/urls" for ::1 at 2015-04-14 17:16:39 -0400
Processing by UrlsController#create as HTML
  Parameters: {"utf8"=>"✓", "authenticity_token"=>"BP5RVGPfxLdGxGGtRx06srPXWuIkgTWw8Df87n6TrkTJhxYlTOsF+TSRde6nyNNgoQUJZHzkDIt9IzmXiDU20A==", "url"=>{"url"=>""}, "commit"=>"Shorten my URL"}
  [1m[35m (0.1ms)[0m  begin transaction
  [1m[36m (0.1ms)[0m  [1mrollback transaction[0m
  Rendered urls/new.html.erb within layouts/application (0.9ms)
Completed 200 OK in 117ms (Views: 26.2ms | ActiveRecord: 0.1ms)


Started POST "/urls" for ::1 at 2015-04-14 17:18:37 -0400
Processing by UrlsController#create as HTML
  Parameters: {"utf8"=>"✓", "authenticity_token"=>"zrKjUeXBYarEgANkNLPattdyj0T338Nr+3VLeq0aZocDy+QgyvWg5LbVFyfUZjNkxaDcwq+6+lB2YY4DW7z+Ew==", "url"=>{"url"=>"www.google.ca"}, "commit"=>"Shorten my URL"}
  [1m[35m (0.1ms)[0m  begin transaction
  [1m[36mSQL (0.3ms)[0m  [1mINSERT INTO "urls" ("url", "created_at", "updated_at") VALUES (?, ?, ?)[0m  [["url", "www.google.ca"], ["created_at", "2015-04-14 21:18:37.382420"], ["updated_at", "2015-04-14 21:18:37.382420"]]
  [1m[35m (1.1ms)[0m  commit transaction
Redirected to http://localhost:3000/urls/new
Completed 302 Found in 9ms (ActiveRecord: 1.9ms)


Started GET "/urls/new" for ::1 at 2015-04-14 17:18:37 -0400
Processing by UrlsController#new as HTML
  Rendered urls/new.html.erb within layouts/application (1.9ms)
Completed 200 OK in 30ms (Views: 29.0ms | ActiveRecord: 0.0ms)


Started POST "/urls" for ::1 at 2015-04-14 17:19:28 -0400
Processing by UrlsController#create as HTML
  Parameters: {"utf8"=>"✓", "authenticity_token"=>"TfapuUXN4UNQuh8Z83ak+4sLL4N0JvjG2qya9+c3quuAj+7IavkgDSLvC1oTo00pmdl8BSxDwf1XuF+OEZEyfw==", "url"=>{"url"=>"www.google.ca"}, "commit"=>"Shorten my URL"}
  [1m[36m (0.1ms)[0m  [1mbegin transaction[0m
  [1m[35mSQL (0.3ms)[0m  INSERT INTO "urls" ("url", "created_at", "updated_at") VALUES (?, ?, ?)  [["url", "www.google.ca"], ["created_at", "2015-04-14 21:19:28.601975"], ["updated_at", "2015-04-14 21:19:28.601975"]]
  [1m[36m (1.2ms)[0m  [1mcommit transaction[0m
Redirected to http://localhost:3000/urls/new
Completed 302 Found in 4ms (ActiveRecord: 1.6ms)


Started GET "/urls/new" for ::1 at 2015-04-14 17:19:28 -0400
Processing by UrlsController#new as HTML
  Rendered urls/new.html.erb within layouts/application (1.3ms)
Completed 200 OK in 28ms (Views: 27.8ms | ActiveRecord: 0.0ms)


Started POST "/urls" for ::1 at 2015-04-14 17:23:15 -0400
Processing by UrlsController#create as HTML
  Parameters: {"utf8"=>"✓", "authenticity_token"=>"85KhodrQMZR77Jod+xbPeV+m/S98xgrwFCjGbc8PUhg+6+bQ9eTw2gm5jl4bwyarTXSuqSSjM8uZPAMUOanKjA==", "url"=>{"url"=>"google.ca"}, "commit"=>"Shorten my URL"}
  [1m[35m (0.0ms)[0m  begin transaction
  [1m[36mSQL (0.3ms)[0m  [1mINSERT INTO "urls" ("url", "created_at", "updated_at") VALUES (?, ?, ?)[0m  [["url", "google.ca"], ["created_at", "2015-04-14 21:23:15.690538"], ["updated_at", "2015-04-14 21:23:15.690538"]]
  [1m[35m (1.1ms)[0m  commit transaction
Redirected to http://localhost:3000/urls/new
Completed 302 Found in 8ms (ActiveRecord: 1.9ms)


Started GET "/urls/new" for ::1 at 2015-04-14 17:23:15 -0400
Processing by UrlsController#new as HTML
  Rendered urls/new.html.erb within layouts/application (1.4ms)
Completed 500 Internal Server Error in 38ms

ActionView::Template::Error (comparison of Array with Array failed):
    13:     Your URL: 
    14:     <%= url_url(flash[:shortened_id]) %>
    15:     <%= url_url(flash[:url]) %>
    16:     <%= url_url(flash[:uri]) %>
    17:     <%= url_url(flash[:uris]) %>
    18:   </p>
    19: <% end %>
  app/views/layouts/application.html.erb:16:in `_app_views_layouts_application_html_erb___2602590854604487500_70346019689720'


  Rendered /Users/peterli/.rvm/gems/ruby-2.2.0/gems/actionpack-4.2.0/lib/action_dispatch/middleware/templates/rescues/_source.erb (8.8ms)
  Rendered /Users/peterli/.rvm/gems/ruby-2.2.0/gems/actionpack-4.2.0/lib/action_dispatch/middleware/templates/rescues/_trace.html.erb (3.1ms)
  Rendered /Users/peterli/.rvm/gems/ruby-2.2.0/gems/actionpack-4.2.0/lib/action_dispatch/middleware/templates/rescues/_request_and_response.html.erb (1.0ms)
  Rendered /Users/peterli/.rvm/gems/ruby-2.2.0/gems/actionpack-4.2.0/lib/action_dispatch/middleware/templates/rescues/template_error.html.erb within rescues/layout (62.5ms)
  Rendered /Users/peterli/.rvm/gems/ruby-2.2.0/gems/web-console-2.1.2/lib/web_console/templates/_markup.html.erb (0.4ms)
  Rendered /Users/peterli/.rvm/gems/ruby-2.2.0/gems/web-console-2.1.2/lib/web_console/templates/style.css.erb within layouts/inlined_string (0.3ms)
  Rendered /Users/peterli/.rvm/gems/ruby-2.2.0/gems/web-console-2.1.2/lib/web_console/templates/_inner_console_markup.html.erb within layouts/inlined_string (0.3ms)
  Rendered /Users/peterli/.rvm/gems/ruby-2.2.0/gems/web-console-2.1.2/lib/web_console/templates/_prompt_box_markup.html.erb within layouts/inlined_string (0.2ms)
  Rendered /Users/peterli/.rvm/gems/ruby-2.2.0/gems/web-console-2.1.2/lib/web_console/templates/console.js.erb within layouts/javascript (44.0ms)
  Rendered /Users/peterli/.rvm/gems/ruby-2.2.0/gems/web-console-2.1.2/lib/web_console/templates/main.js.erb within layouts/javascript (0.3ms)
  Rendered /Users/peterli/.rvm/gems/ruby-2.2.0/gems/web-console-2.1.2/lib/web_console/templates/error_page.js.erb within layouts/javascript (0.5ms)
  Rendered /Users/peterli/.rvm/gems/ruby-2.2.0/gems/web-console-2.1.2/lib/web_console/templates/index.html.erb (100.4ms)


Started GET "/" for ::1 at 2015-04-14 17:26:11 -0400
  [1m[36mActiveRecord::SchemaMigration Load (0.1ms)[0m  [1mSELECT "schema_migrations".* FROM "schema_migrations"[0m
Processing by UrlsController#new as HTML
  Rendered urls/new.html.erb within layouts/application (27.7ms)
Completed 200 OK in 320ms (Views: 287.6ms | ActiveRecord: 0.3ms)


Started GET "/assets/urls.self-e3b0c44298fc1c149afbf4c8996fb92427ae41e4649b934ca495991b7852b855.css?body=1" for ::1 at 2015-04-14 17:26:12 -0400


Started GET "/assets/application.self-e80e8f2318043e8af94dddc2adad5a4f09739a8ebb323b3ab31cd71d45fd9113.css?body=1" for ::1 at 2015-04-14 17:26:12 -0400


Started GET "/assets/jquery_ujs.self-8e98a7a072a6cee1372d19fff9ff3e6aa1e39a37d89d6f06861637d061113ee7.js?body=1" for ::1 at 2015-04-14 17:26:12 -0400


Started GET "/assets/urls.self-877aef30ae1b040ab8a3aba4e3e309a11d7f2612f44dde450b5c157aa5f95c05.js?body=1" for ::1 at 2015-04-14 17:26:12 -0400


Started GET "/assets/application.self-3a3c8b61bda630ee689740ce7cbd0dd8ea6fdd45e2c42eef4661ab38cf268afe.js?body=1" for ::1 at 2015-04-14 17:26:12 -0400


Started GET "/assets/jquery.self-d03a5518f45df77341bdbe6201ba3bfa547ebba8ed64f0ea56bfa5f96ea7c074.js?body=1" for ::1 at 2015-04-14 17:26:12 -0400


Started GET "/assets/turbolinks.self-c37727e9bd6b2735da5c311aa83fead54ed0be6cc8bd9a65309e9c5abe2cbfff.js?body=1" for ::1 at 2015-04-14 17:26:12 -0400


Started POST "/urls" for ::1 at 2015-04-14 17:26:15 -0400
Processing by UrlsController#create as HTML
  Parameters: {"utf8"=>"✓", "authenticity_token"=>"qJlMSWj5BRj9dNlfnBLYg3sBVJ9TuX32tJ942JZ0zaFl4As4R83EVo8hzRx8xzFRadMHGQvcRM05i72hYNJVNQ==", "url"=>{"url"=>"google.ca"}, "commit"=>"Shorten my URL"}
  [1m[35m (0.1ms)[0m  begin transaction
  [1m[36mSQL (0.4ms)[0m  [1mINSERT INTO "urls" ("url", "created_at", "updated_at") VALUES (?, ?, ?)[0m  [["url", "google.ca"], ["created_at", "2015-04-14 21:26:15.143928"], ["updated_at", "2015-04-14 21:26:15.143928"]]
  [1m[35m (1.1ms)[0m  commit transaction
Redirected to http://localhost:3000/urls/new
Completed 302 Found in 16ms (ActiveRecord: 1.5ms)


Started GET "/urls/new" for ::1 at 2015-04-14 17:26:15 -0400
Processing by UrlsController#new as HTML
  Rendered urls/new.html.erb within layouts/application (0.7ms)
Completed 200 OK in 31ms (Views: 30.4ms | ActiveRecord: 0.0ms)


Started GET "/urls/9" for ::1 at 2015-04-14 17:26:19 -0400
Processing by UrlsController#show as HTML
  Parameters: {"id"=>"9"}
  [1m[36mUrl Load (0.2ms)[0m  [1mSELECT  "urls".* FROM "urls" WHERE "urls"."id" = ? LIMIT 1[0m  [["id", 9]]
Redirected to 
Completed 500 Internal Server Error in 61ms

NoMethodError (undefined method `to_model' for #<URI::Generic google.ca>):
  app/controllers/urls_controller.rb:23:in `show'


  Rendered /Users/peterli/.rvm/gems/ruby-2.2.0/gems/actionpack-4.2.0/lib/action_dispatch/middleware/templates/rescues/_source.erb (5.9ms)
  Rendered /Users/peterli/.rvm/gems/ruby-2.2.0/gems/actionpack-4.2.0/lib/action_dispatch/middleware/templates/rescues/_trace.html.erb (2.6ms)
  Rendered /Users/peterli/.rvm/gems/ruby-2.2.0/gems/actionpack-4.2.0/lib/action_dispatch/middleware/templates/rescues/_request_and_response.html.erb (1.1ms)
  Rendered /Users/peterli/.rvm/gems/ruby-2.2.0/gems/actionpack-4.2.0/lib/action_dispatch/middleware/templates/rescues/diagnostics.html.erb within rescues/layout (59.7ms)
  Rendered /Users/peterli/.rvm/gems/ruby-2.2.0/gems/web-console-2.1.2/lib/web_console/templates/_markup.html.erb (0.4ms)
  Rendered /Users/peterli/.rvm/gems/ruby-2.2.0/gems/web-console-2.1.2/lib/web_console/templates/style.css.erb within layouts/inlined_string (0.2ms)
  Rendered /Users/peterli/.rvm/gems/ruby-2.2.0/gems/web-console-2.1.2/lib/web_console/templates/_inner_console_markup.html.erb within layouts/inlined_string (0.3ms)
  Rendered /Users/peterli/.rvm/gems/ruby-2.2.0/gems/web-console-2.1.2/lib/web_console/templates/_prompt_box_markup.html.erb within layouts/inlined_string (0.3ms)
  Rendered /Users/peterli/.rvm/gems/ruby-2.2.0/gems/web-console-2.1.2/lib/web_console/templates/console.js.erb within layouts/javascript (52.7ms)
  Rendered /Users/peterli/.rvm/gems/ruby-2.2.0/gems/web-console-2.1.2/lib/web_console/templates/main.js.erb within layouts/javascript (0.2ms)
  Rendered /Users/peterli/.rvm/gems/ruby-2.2.0/gems/web-console-2.1.2/lib/web_console/templates/error_page.js.erb within layouts/javascript (0.5ms)
  Rendered /Users/peterli/.rvm/gems/ruby-2.2.0/gems/web-console-2.1.2/lib/web_console/templates/index.html.erb (129.3ms)


Started POST "/urls" for ::1 at 2015-04-14 17:27:42 -0400
Processing by UrlsController#create as HTML
  Parameters: {"utf8"=>"✓", "authenticity_token"=>"adfMENlmvkLv70+b7lAv45iV3rfl+pUaMidymUrS+XSkroth9lJ/DJ26W9gOhcYxikeNMb2frCG/M7fgvHRh4A==", "url"=>{"url"=>"google.ca"}, "commit"=>"Shorten my URL"}
  [1m[35m (0.1ms)[0m  begin transaction
  [1m[36mSQL (0.7ms)[0m  [1mINSERT INTO "urls" ("url", "created_at", "updated_at") VALUES (?, ?, ?)[0m  [["url", "google.ca"], ["created_at", "2015-04-14 21:27:42.347880"], ["updated_at", "2015-04-14 21:27:42.347880"]]
  [1m[35m (1.0ms)[0m  commit transaction
Redirected to http://localhost:3000/urls/new
Completed 302 Found in 18ms (ActiveRecord: 2.2ms)


Started GET "/urls/new" for ::1 at 2015-04-14 17:27:42 -0400
Processing by UrlsController#new as HTML
  Rendered urls/new.html.erb within layouts/application (1.1ms)
Completed 200 OK in 150ms (Views: 149.4ms | ActiveRecord: 0.0ms)


Started GET "/urls/10" for ::1 at 2015-04-14 17:27:45 -0400
Processing by UrlsController#show as HTML
  Parameters: {"id"=>"10"}
  [1m[36mUrl Load (0.2ms)[0m  [1mSELECT  "urls".* FROM "urls" WHERE "urls"."id" = ? LIMIT 1[0m  [["id", 10]]
Redirected to 
Completed 500 Internal Server Error in 3ms

NoMethodError (undefined method `to_model' for #<URI::Generic google.ca>):
  app/controllers/urls_controller.rb:23:in `show'


  Rendered /Users/peterli/.rvm/gems/ruby-2.2.0/gems/actionpack-4.2.0/lib/action_dispatch/middleware/templates/rescues/_source.erb (7.7ms)
  Rendered /Users/peterli/.rvm/gems/ruby-2.2.0/gems/actionpack-4.2.0/lib/action_dispatch/middleware/templates/rescues/_trace.html.erb (2.9ms)
  Rendered /Users/peterli/.rvm/gems/ruby-2.2.0/gems/actionpack-4.2.0/lib/action_dispatch/middleware/templates/rescues/_request_and_response.html.erb (1.1ms)
  Rendered /Users/peterli/.rvm/gems/ruby-2.2.0/gems/actionpack-4.2.0/lib/action_dispatch/middleware/templates/rescues/diagnostics.html.erb within rescues/layout (60.3ms)
  Rendered /Users/peterli/.rvm/gems/ruby-2.2.0/gems/web-console-2.1.2/lib/web_console/templates/_markup.html.erb (0.5ms)
  Rendered /Users/peterli/.rvm/gems/ruby-2.2.0/gems/web-console-2.1.2/lib/web_console/templates/style.css.erb within layouts/inlined_string (0.3ms)
  Rendered /Users/peterli/.rvm/gems/ruby-2.2.0/gems/web-console-2.1.2/lib/web_console/templates/_inner_console_markup.html.erb within layouts/inlined_string (0.3ms)
  Rendered /Users/peterli/.rvm/gems/ruby-2.2.0/gems/web-console-2.1.2/lib/web_console/templates/_prompt_box_markup.html.erb within layouts/inlined_string (0.2ms)
  Rendered /Users/peterli/.rvm/gems/ruby-2.2.0/gems/web-console-2.1.2/lib/web_console/templates/console.js.erb within layouts/javascript (45.6ms)
  Rendered /Users/peterli/.rvm/gems/ruby-2.2.0/gems/web-console-2.1.2/lib/web_console/templates/main.js.erb within layouts/javascript (0.3ms)
  Rendered /Users/peterli/.rvm/gems/ruby-2.2.0/gems/web-console-2.1.2/lib/web_console/templates/error_page.js.erb within layouts/javascript (0.4ms)
  Rendered /Users/peterli/.rvm/gems/ruby-2.2.0/gems/web-console-2.1.2/lib/web_console/templates/index.html.erb (102.8ms)


Started POST "/urls" for ::1 at 2015-04-14 17:27:57 -0400
Processing by UrlsController#create as HTML
  Parameters: {"utf8"=>"✓", "authenticity_token"=>"FM0jro9yskRcKV2ZPvp+hT812nW8pwGKgi5nPe9wLYvZtGTfoEZzCi58SdreL5dXLeeJ8+TCOLEPOqJEGda1Hw==", "url"=>{"url"=>"google.ca"}, "commit"=>"Shorten my URL"}
  [1m[35m (0.1ms)[0m  begin transaction
  [1m[36mSQL (0.3ms)[0m  [1mINSERT INTO "urls" ("url", "created_at", "updated_at") VALUES (?, ?, ?)[0m  [["url", "google.ca"], ["created_at", "2015-04-14 21:27:57.414505"], ["updated_at", "2015-04-14 21:27:57.414505"]]
  [1m[35m (1.2ms)[0m  commit transaction
Redirected to http://localhost:3000/urls/new
Completed 302 Found in 19ms (ActiveRecord: 2.0ms)


Started GET "/urls/new" for ::1 at 2015-04-14 17:27:57 -0400
Processing by UrlsController#new as HTML
  Rendered urls/new.html.erb within layouts/application (1.2ms)
Completed 200 OK in 103ms (Views: 102.7ms | ActiveRecord: 0.0ms)


Started GET "/urls/11" for ::1 at 2015-04-14 17:28:00 -0400
Processing by UrlsController#show as HTML
  Parameters: {"id"=>"11"}
  [1m[36mUrl Load (0.2ms)[0m  [1mSELECT  "urls".* FROM "urls" WHERE "urls"."id" = ? LIMIT 1[0m  [["id", 11]]
Redirected to http://localhost:3000google.ca
Completed 302 Found in 2ms (ActiveRecord: 0.2ms)


Started GET "/urls/11" for ::1 at 2015-04-14 17:28:00 -0400
Processing by UrlsController#show as HTML
  Parameters: {"id"=>"11"}
  [1m[35mUrl Load (0.1ms)[0m  SELECT  "urls".* FROM "urls" WHERE "urls"."id" = ? LIMIT 1  [["id", 11]]
Redirected to http://localhost:3000google.ca
Completed 302 Found in 1ms (ActiveRecord: 0.1ms)


Started GET "/urls/11" for ::1 at 2015-04-14 17:28:00 -0400
Processing by UrlsController#show as HTML
  Parameters: {"id"=>"11"}
  [1m[36mUrl Load (0.1ms)[0m  [1mSELECT  "urls".* FROM "urls" WHERE "urls"."id" = ? LIMIT 1[0m  [["id", 11]]
Redirected to http://localhost:3000google.ca
Completed 302 Found in 2ms (ActiveRecord: 0.1ms)
